2.367854528930664060e+02
1.479114252185024725e+02
1.407528853179660757e+02
1.385286450445282469e+02
1.376026323977805532e+02
1.371124386500494552e+02
1.367362800367866953e+02
1.364931167999161801e+02
1.363748504308332770e+02
1.363146213283775410e+02
1.362778157891590070e+02
1.362464672066916762e+02
1.362101706892512425e+02
1.361722771333635649e+02
1.361331256176622446e+02
1.360840904007910126e+02
1.360312867254221487e+02
1.359835642976264580e+02
1.359342104826447155e+02
1.358853881315192211e+02
1.358311325754733616e+02
1.357731275570048126e+02
1.357265870310964999e+02
1.356937440024336752e+02
1.356691293200423729e+02
1.356498230402278011e+02
1.356339470736065493e+02
1.356182276894664653e+02
1.356003821721354541e+02
1.355893535661100771e+02
1.355813032721774789e+02
1.355737902770628693e+02
1.355654566515151771e+02
1.355599194433640378e+02
1.355558325569556644e+02
1.355526278824137023e+02
1.355500055050462436e+02
1.355477553725887674e+02
1.355461293399366127e+02
1.355453568430207270e+02
1.355448433953065432e+02
1.355445952550287529e+02
1.355443279509799197e+02
1.355441152692907281e+02
1.355436662672034629e+02
1.355428008103685045e+02
1.355422571195263686e+02
1.355419135819547307e+02
1.355416019230558504e+02
1.355414941051848245e+02
1.355414453988344405e+02
