1.360925282656387196e+02
1.361942710044172031e+02
1.357135654665703726e+02
1.357136542120365448e+02
1.357149200256039308e+02
1.360941781106819519e+02
1.356613255428942466e+02
1.356613706280640770e+02
1.356600376424726448e+02
1.357123806302956837e+02
1.356605295531815329e+02
1.356613950433273317e+02
1.368630548316661759e+02
1.356610261575370657e+02
1.356610143728466937e+02
1.356607479346101854e+02
1.356602853678034819e+02
1.356608662749000302e+02
1.356725151534355973e+02
1.356597839047330467e+02
1.357177405973129964e+02
1.356605607422212927e+02
1.356609944610565037e+02
1.356608709058844795e+02
1.357113126873845488e+02
1.357111781395095989e+02
1.356613548705223025e+02
1.361888543713142212e+02
1.356608985454863046e+02
1.357114724368041152e+02
